20220919.000000 0.000000 6550.TW 193.000000 0.000000 0.000000 0.000000 B 5.000000 
20220920.000000 0.000000 6550.TW 195.500000 0.000000 0.000000 0.000000 B 5.000000 
20220929.000000 0.000000 6550.TW 139.000000 0.000000 0.000000 0.000000 B 7.000000 
20220930.000000 0.000000 6550.TW 128.000000 0.000000 0.000000 0.000000 B 7.000000 
20221003.000000 0.000000 6550.TW 119.500000 0.000000 0.000000 0.000000 B 8.000000 
20221021.000000 90000.000000 6550.TW 104.000000 0.000000 0.000000 0.000000 B 9.000000 
20221024.000000 90000.000000 6550.TW 97.500000 0.000000 0.000000 0.000000 B 10.000000 
20221025.000000 90000.000000 6550.TW 87.800000 0.000000 0.000000 0.000000 B 11.000000 
20221026.000000 90000.000000 6550.TW 82.300000 0.000000 0.000000 0.000000 B 12.000000 
20221027.000000 90000.000000 6550.TW 83.800000 0.000000 0.000000 0.000000 B 11.000000 
20221028.000000 90000.000000 6550.TW 91.300000 0.000000 0.000000 0.000000 B 10.000000 
20221031.000000 90000.000000 6550.TW 88.200000 0.000000 0.000000 0.000000 B 11.000000 
20221101.000000 90000.000000 6550.TW 89.000000 0.000000 0.000000 0.000000 B 11.000000 
20221102.000000 90000.000000 6550.TW 92.700000 0.000000 0.000000 0.000000 B 10.000000 
20221103.000000 90000.000000 6550.TW 91.400000 0.000000 0.000000 0.000000 B 10.000000 
20221104.000000 90000.000000 6550.TW 96.100000 0.000000 0.000000 0.000000 B 10.000000 
20221107.000000 90000.000000 6550.TW 95.600000 0.000000 0.000000 0.000000 B 10.000000 
20221108.000000 90000.000000 6550.TW 100.500000 0.000000 0.000000 0.000000 B 9.000000 
20221109.000000 90000.000000 6550.TW 100.000000 0.000000 0.000000 0.000000 B 10.000000 
20221110.000000 90000.000000 6550.TW 103.500000 0.000000 0.000000 0.000000 B 9.000000 
20221111.000000 90000.000000 6550.TW 101.500000 0.000000 0.000000 0.000000 B 9.000000 
20221114.000000 90000.000000 6550.TW 102.000000 0.000000 0.000000 0.000000 B 9.000000 
20221115.000000 90000.000000 6550.TW 99.500000 0.000000 0.000000 0.000000 B 10.000000 
20221116.000000 90000.000000 6550.TW 98.500000 0.000000 0.000000 0.000000 B 10.000000 
20221117.000000 90000.000000 6550.TW 102.500000 0.000000 0.000000 0.000000 B 9.000000 
20221118.000000 90000.000000 6550.TW 103.500000 0.000000 0.000000 0.000000 B 9.000000 
20221121.000000 90000.000000 6550.TW 107.500000 0.000000 0.000000 0.000000 B 9.000000 
20221122.000000 90000.000000 6550.TW 117.500000 0.000000 0.000000 0.000000 B 8.000000 
20221123.000000 90000.000000 6550.TW 111.000000 0.000000 0.000000 0.000000 B 9.000000 
20221124.000000 90000.000000 6550.TW 114.500000 0.000000 0.000000 0.000000 B 8.000000 
20221125.000000 90000.000000 6550.TW 111.000000 0.000000 0.000000 0.000000 B 9.000000 
20221128.000000 90000.000000 6550.TW 100.500000 0.000000 0.000000 0.000000 B 9.000000 
20221129.000000 90000.000000 6550.TW 101.500000 0.000000 0.000000 0.000000 B 9.000000 
20221130.000000 90000.000000 6550.TW 101.500000 0.000000 0.000000 0.000000 B 9.000000 
20221201.000000 90000.000000 6550.TW 108.500000 0.000000 0.000000 0.000000 B 9.000000 
20221202.000000 90000.000000 6550.TW 109.000000 0.000000 0.000000 0.000000 B 9.000000 
20221205.000000 90000.000000 6550.TW 110.500000 0.000000 0.000000 0.000000 B 9.000000 
20221206.000000 90000.000000 6550.TW 114.000000 0.000000 0.000000 0.000000 B 8.000000 
20221207.000000 90000.000000 6550.TW 107.500000 0.000000 0.000000 0.000000 B 9.000000 
20221208.000000 90000.000000 6550.TW 108.500000 0.000000 0.000000 0.000000 B 9.000000 
20221209.000000 90000.000000 6550.TW 108.500000 0.000000 0.000000 0.000000 B 9.000000 
20221212.000000 90000.000000 6550.TW 101.500000 0.000000 0.000000 0.000000 B 9.000000 
20221213.000000 90000.000000 6550.TW 102.500000 0.000000 0.000000 0.000000 B 9.000000 
20221214.000000 90000.000000 6550.TW 100.000000 0.000000 0.000000 0.000000 B 10.000000 
20221215.000000 90000.000000 6550.TW 100.500000 0.000000 0.000000 0.000000 B 9.000000 
20221216.000000 90000.000000 6550.TW 98.200000 0.000000 0.000000 0.000000 B 10.000000 
20221219.000000 90000.000000 6550.TW 97.600000 0.000000 0.000000 0.000000 B 10.000000 
20221220.000000 90000.000000 6550.TW 95.400000 0.000000 0.000000 0.000000 B 10.000000 
20221221.000000 90000.000000 6550.TW 91.800000 0.000000 0.000000 0.000000 B 10.000000 
20221222.000000 90000.000000 6550.TW 90.600000 0.000000 0.000000 0.000000 B 11.000000 
20221223.000000 90000.000000 6550.TW 91.600000 0.000000 0.000000 0.000000 B 10.000000 
20221226.000000 90000.000000 6550.TW 90.700000 0.000000 0.000000 0.000000 B 11.000000 
20221227.000000 90000.000000 6550.TW 90.000000 0.000000 0.000000 0.000000 B 11.000000 
20221228.000000 90000.000000 6550.TW 91.400000 0.000000 0.000000 0.000000 B 10.000000 
20221229.000000 90000.000000 6550.TW 89.300000 0.000000 0.000000 0.000000 B 11.000000 
20221230.000000 90000.000000 6550.TW 89.300000 0.000000 0.000000 0.000000 B 11.000000 
20230103.000000 90000.000000 6550.TW 89.300000 0.000000 0.000000 0.000000 B 11.000000 
20230104.000000 90000.000000 6550.TW 89.100000 0.000000 0.000000 0.000000 B 11.000000 
20230105.000000 90000.000000 6550.TW 89.500000 0.000000 0.000000 0.000000 B 11.000000 
20230106.000000 90000.000000 6550.TW 90.300000 0.000000 0.000000 0.000000 B 11.000000 
20230109.000000 90000.000000 6550.TW 92.500000 0.000000 0.000000 0.000000 B 10.000000 
20230110.000000 90000.000000 6550.TW 93.100000 0.000000 0.000000 0.000000 B 10.000000 
20230111.000000 90000.000000 6550.TW 91.100000 0.000000 0.000000 0.000000 B 10.000000 
20230112.000000 90000.000000 6550.TW 90.700000 0.000000 0.000000 0.000000 B 11.000000 
20230113.000000 90000.000000 6550.TW 89.800000 0.000000 0.000000 0.000000 B 11.000000 
20230116.000000 90000.000000 6550.TW 90.000000 0.000000 0.000000 0.000000 B 11.000000 
20230117.000000 90000.000000 6550.TW 90.800000 0.000000 0.000000 0.000000 B 11.000000 
20230130.000000 90000.000000 6550.TW 92.400000 0.000000 0.000000 0.000000 B 10.000000 
20230131.000000 90000.000000 6550.TW 94.900000 0.000000 0.000000 0.000000 B 10.000000 
20230201.000000 90000.000000 6550.TW 101.000000 0.000000 0.000000 0.000000 B 9.000000 
20230202.000000 90000.000000 6550.TW 102.000000 0.000000 0.000000 0.000000 B 9.000000 
20230203.000000 90000.000000 6550.TW 103.500000 0.000000 0.000000 0.000000 B 9.000000 
20230206.000000 90000.000000 6550.TW 106.000000 0.000000 0.000000 0.000000 B 9.000000 
20230207.000000 90000.000000 6550.TW 105.000000 0.000000 0.000000 0.000000 B 9.000000 
20230208.000000 90000.000000 6550.TW 105.500000 0.000000 0.000000 0.000000 B 9.000000 
20230209.000000 90000.000000 6550.TW 106.500000 0.000000 0.000000 0.000000 B 9.000000 
20230210.000000 90000.000000 6550.TW 104.000000 0.000000 0.000000 0.000000 B 9.000000 
20230213.000000 90000.000000 6550.TW 101.500000 0.000000 0.000000 0.000000 B 9.000000 
20230214.000000 90000.000000 6550.TW 100.000000 0.000000 0.000000 0.000000 B 10.000000 
20230215.000000 90000.000000 6550.TW 99.700000 0.000000 0.000000 0.000000 B 10.000000 
20230216.000000 90000.000000 6550.TW 99.300000 0.000000 0.000000 0.000000 B 10.000000 
20230217.000000 90000.000000 6550.TW 100.500000 0.000000 0.000000 0.000000 B 9.000000 
20230220.000000 90000.000000 6550.TW 101.000000 0.000000 0.000000 0.000000 B 9.000000 
20230221.000000 90000.000000 6550.TW 99.600000 0.000000 0.000000 0.000000 B 10.000000 
20230222.000000 90000.000000 6550.TW 98.500000 0.000000 0.000000 0.000000 B 10.000000 
20230223.000000 90000.000000 6550.TW 97.700000 0.000000 0.000000 0.000000 B 10.000000 
20230224.000000 90000.000000 6550.TW 99.800000 0.000000 0.000000 0.000000 B 10.000000 
20230301.000000 90000.000000 6550.TW 99.200000 0.000000 0.000000 0.000000 B 10.000000 
20230302.000000 90000.000000 6550.TW 98.600000 0.000000 0.000000 0.000000 B 10.000000 
20230303.000000 90000.000000 6550.TW 102.000000 0.000000 0.000000 0.000000 B 9.000000 
20230306.000000 90000.000000 6550.TW 101.000000 0.000000 0.000000 0.000000 B 9.000000 
20230307.000000 90000.000000 6550.TW 101.500000 0.000000 0.000000 0.000000 B 9.000000 
20230308.000000 90000.000000 6550.TW 99.300000 0.000000 0.000000 0.000000 B 10.000000 
20230309.000000 90000.000000 6550.TW 99.900000 0.000000 0.000000 0.000000 B 10.000000 
20230310.000000 90000.000000 6550.TW 100.500000 0.000000 0.000000 0.000000 B 9.000000 
20230313.000000 90000.000000 6550.TW 97.500000 0.000000 0.000000 0.000000 B 10.000000 
20230314.000000 90000.000000 6550.TW 97.900000 0.000000 0.000000 0.000000 B 10.000000 
20230315.000000 90000.000000 6550.TW 97.000000 0.000000 0.000000 0.000000 B 10.000000 
20230316.000000 90000.000000 6550.TW 96.100000 0.000000 0.000000 0.000000 B 10.000000 
20230317.000000 90000.000000 6550.TW 91.600000 0.000000 0.000000 0.000000 B 10.000000 
20230320.000000 90000.000000 6550.TW 92.200000 0.000000 0.000000 0.000000 B 10.000000 
20230321.000000 90000.000000 6550.TW 93.000000 0.000000 0.000000 0.000000 B 10.000000 
20230322.000000 90000.000000 6550.TW 93.000000 0.000000 0.000000 0.000000 B 10.000000 
20230323.000000 90000.000000 6550.TW 94.500000 0.000000 0.000000 0.000000 B 10.000000 
20230324.000000 90000.000000 6550.TW 94.300000 0.000000 0.000000 0.000000 B 10.000000 
20230327.000000 90000.000000 6550.TW 96.300000 0.000000 0.000000 0.000000 B 10.000000 
20230328.000000 90000.000000 6550.TW 98.800000 0.000000 0.000000 0.000000 B 10.000000 
20230329.000000 90000.000000 6550.TW 98.700000 0.000000 0.000000 0.000000 B 10.000000 
20230330.000000 90000.000000 6550.TW 101.000000 0.000000 0.000000 0.000000 B 9.000000 
20230331.000000 90000.000000 6550.TW 99.000000 0.000000 0.000000 0.000000 B 10.000000 
20230406.000000 90000.000000 6550.TW 98.500000 0.000000 0.000000 0.000000 B 10.000000 
20230407.000000 90000.000000 6550.TW 102.000000 0.000000 0.000000 0.000000 B 9.000000 

20220602.000000 0.000000 3228.TW 406.500000 0.000000 0.000000 0.000000 B 2.000000 
20220606.000000 0.000000 3228.TW 420.000000 0.000000 0.000000 0.000000 B 2.000000 
20220607.000000 0.000000 3228.TW 436.000000 0.000000 0.000000 0.000000 B 2.000000 
20220608.000000 0.000000 3228.TW 434.000000 0.000000 0.000000 0.000000 B 2.000000 
20220609.000000 0.000000 3228.TW 432.500000 0.000000 0.000000 0.000000 B 2.000000 
20220610.000000 0.000000 3228.TW 438.000000 0.000000 0.000000 0.000000 B 2.000000 
20220613.000000 0.000000 3228.TW 446.000000 0.000000 0.000000 0.000000 B 2.000000 
20220614.000000 0.000000 3228.TW 442.000000 0.000000 0.000000 0.000000 B 2.000000 
20220615.000000 0.000000 3228.TW 437.000000 0.000000 0.000000 0.000000 B 2.000000 
20220616.000000 0.000000 3228.TW 425.500000 0.000000 0.000000 0.000000 B 2.000000 
20220617.000000 0.000000 3228.TW 427.500000 0.000000 0.000000 0.000000 B 2.000000 
20220620.000000 0.000000 3228.TW 418.000000 0.000000 0.000000 0.000000 B 2.000000 
20220621.000000 0.000000 3228.TW 434.000000 0.000000 0.000000 0.000000 B 2.000000 
20220622.000000 0.000000 3228.TW 402.500000 0.000000 0.000000 0.000000 B 2.000000 
20220624.000000 0.000000 3228.TW 355.000000 0.000000 0.000000 0.000000 B 2.000000 
20220628.000000 0.000000 3228.TW 327.000000 0.000000 0.000000 0.000000 B 3.000000 
20220629.000000 0.000000 3228.TW 340.000000 0.000000 0.000000 0.000000 B 2.000000 
20220630.000000 0.000000 3228.TW 327.500000 0.000000 0.000000 0.000000 B 3.000000 
20220701.000000 0.000000 3228.TW 300.500000 0.000000 0.000000 0.000000 B 3.000000 
20220720.000000 0.000000 3228.TW 324.500000 0.000000 0.000000 0.000000 B 3.000000 
20220721.000000 0.000000 3228.TW 341.000000 0.000000 0.000000 0.000000 B 2.000000 
20220722.000000 0.000000 3228.TW 329.000000 0.000000 0.000000 0.000000 B 3.000000 
20220725.000000 0.000000 3228.TW 325.500000 0.000000 0.000000 0.000000 B 3.000000 
20220726.000000 0.000000 3228.TW 314.000000 0.000000 0.000000 0.000000 B 3.000000 
20220728.000000 0.000000 3228.TW 340.000000 0.000000 0.000000 0.000000 B 2.000000 
20220729.000000 0.000000 3228.TW 350.000000 0.000000 0.000000 0.000000 B 2.000000 
20220801.000000 0.000000 3228.TW 338.500000 0.000000 0.000000 0.000000 B 2.000000 
20220803.000000 0.000000 3228.TW 312.000000 0.000000 0.000000 0.000000 B 3.000000 
20220804.000000 0.000000 3228.TW 313.000000 0.000000 0.000000 0.000000 B 3.000000 
20220805.000000 0.000000 3228.TW 313.000000 0.000000 0.000000 0.000000 B 3.000000 
20220808.000000 0.000000 3228.TW 307.000000 0.000000 0.000000 0.000000 B 3.000000 
20220809.000000 0.000000 3228.TW 327.500000 0.000000 0.000000 0.000000 B 3.000000 
20220810.000000 0.000000 3228.TW 332.500000 0.000000 0.000000 0.000000 B 3.000000 
20220811.000000 0.000000 3228.TW 333.500000 0.000000 0.000000 0.000000 B 2.000000 
20220812.000000 0.000000 3228.TW 335.000000 0.000000 0.000000 0.000000 B 2.000000 
20220815.000000 0.000000 3228.TW 339.000000 0.000000 0.000000 0.000000 B 2.000000 
20220816.000000 0.000000 3228.TW 330.500000 0.000000 0.000000 0.000000 B 3.000000 
20220817.000000 0.000000 3228.TW 331.500000 0.000000 0.000000 0.000000 B 3.000000 
20220818.000000 0.000000 3228.TW 340.500000 0.000000 0.000000 0.000000 B 2.000000 
20220819.000000 0.000000 3228.TW 342.000000 0.000000 0.000000 0.000000 B 2.000000 
20220822.000000 0.000000 3228.TW 333.500000 0.000000 0.000000 0.000000 B 2.000000 
20220823.000000 0.000000 3228.TW 323.000000 0.000000 0.000000 0.000000 B 3.000000 
20220824.000000 0.000000 3228.TW 321.500000 0.000000 0.000000 0.000000 B 3.000000 
20220825.000000 0.000000 3228.TW 325.500000 0.000000 0.000000 0.000000 B 3.000000 
20220826.000000 0.000000 3228.TW 324.500000 0.000000 0.000000 0.000000 B 3.000000 
20220829.000000 0.000000 3228.TW 315.000000 0.000000 0.000000 0.000000 B 3.000000 
20220830.000000 0.000000 3228.TW 315.000000 0.000000 0.000000 0.000000 B 3.000000 
20220831.000000 0.000000 3228.TW 325.000000 0.000000 0.000000 0.000000 B 3.000000 
20220901.000000 0.000000 3228.TW 311.000000 0.000000 0.000000 0.000000 B 3.000000 
20220902.000000 0.000000 3228.TW 334.000000 0.000000 0.000000 0.000000 B 2.000000 
20220905.000000 0.000000 3228.TW 326.500000 0.000000 0.000000 0.000000 B 3.000000 
20220906.000000 0.000000 3228.TW 324.500000 0.000000 0.000000 0.000000 B 3.000000 
20220907.000000 0.000000 3228.TW 322.000000 0.000000 0.000000 0.000000 B 3.000000 
20220908.000000 0.000000 3228.TW 347.000000 0.000000 0.000000 0.000000 B 2.000000 
20220912.000000 0.000000 3228.TW 375.500000 0.000000 0.000000 0.000000 B 2.000000 
20220913.000000 0.000000 3228.TW 375.500000 0.000000 0.000000 0.000000 B 2.000000 
20220914.000000 0.000000 3228.TW 372.500000 0.000000 0.000000 0.000000 B 2.000000 
20220915.000000 0.000000 3228.TW 367.000000 0.000000 0.000000 0.000000 B 2.000000 
20220916.000000 0.000000 3228.TW 348.000000 0.000000 0.000000 0.000000 B 2.000000 
20220919.000000 0.000000 3228.TW 340.000000 0.000000 0.000000 0.000000 B 2.000000 
20220920.000000 0.000000 3228.TW 354.000000 0.000000 0.000000 0.000000 B 2.000000 
20220921.000000 0.000000 3228.TW 350.500000 0.000000 0.000000 0.000000 B 2.000000 
20220922.000000 0.000000 3228.TW 356.500000 0.000000 0.000000 0.000000 B 2.000000 
20220923.000000 0.000000 3228.TW 340.500000 0.000000 0.000000 0.000000 B 2.000000 
20220926.000000 0.000000 3228.TW 312.000000 0.000000 0.000000 0.000000 B 3.000000 
20220927.000000 0.000000 3228.TW 319.000000 0.000000 0.000000 0.000000 B 3.000000 
20220929.000000 0.000000 3228.TW 281.500000 0.000000 0.000000 0.000000 B 3.000000 
20220930.000000 0.000000 3228.TW 291.500000 0.000000 0.000000 0.000000 B 3.000000 
20221003.000000 0.000000 3228.TW 287.000000 0.000000 0.000000 0.000000 B 3.000000 
20221004.000000 0.000000 3228.TW 274.000000 0.000000 0.000000 0.000000 B 3.000000 
20221005.000000 0.000000 3228.TW 250.000000 0.000000 0.000000 0.000000 B 4.000000 
20221006.000000 0.000000 3228.TW 252.500000 0.000000 0.000000 0.000000 B 3.000000 
20221102.000000 90000.000000 3228.TW 146.000000 0.000000 0.000000 0.000000 B 6.000000 
20221103.000000 90200.000000 3228.TW 161.500000 0.000000 0.000000 0.000000 B 6.000000 
20221104.000000 90000.000000 3228.TW 167.500000 0.000000 0.000000 0.000000 B 5.000000 
20221107.000000 90000.000000 3228.TW 175.500000 0.000000 0.000000 0.000000 B 5.000000 
20221124.000000 90000.000000 3228.TW 215.000000 0.000000 0.000000 0.000000 B 3.000000 
20221125.000000 90000.000000 3228.TW 214.000000 0.000000 0.000000 0.000000 B 4.000000 
20221128.000000 90000.000000 3228.TW 196.000000 0.000000 0.000000 0.000000 B 5.000000 
20221129.000000 90000.000000 3228.TW 195.500000 0.000000 0.000000 0.000000 B 5.000000 
20221130.000000 90000.000000 3228.TW 194.000000 0.000000 0.000000 0.000000 B 5.000000 
20221201.000000 90000.000000 3228.TW 194.000000 0.000000 0.000000 0.000000 B 5.000000 
20221202.000000 90000.000000 3228.TW 181.500000 0.000000 0.000000 0.000000 B 5.000000 
20221205.000000 90000.000000 3228.TW 183.000000 0.000000 0.000000 0.000000 B 5.000000 
20221206.000000 90000.000000 3228.TW 208.500000 0.000000 0.000000 0.000000 B 4.000000 
20221207.000000 90000.000000 3228.TW 220.500000 0.000000 0.000000 0.000000 B 4.000000 
20221208.000000 90200.000000 3228.TW 199.000000 0.000000 0.000000 0.000000 B 5.000000 
20221209.000000 90000.000000 3228.TW 202.000000 0.000000 0.000000 0.000000 B 4.000000 
20221212.000000 90000.000000 3228.TW 190.000000 0.000000 0.000000 0.000000 B 5.000000 
20221213.000000 90000.000000 3228.TW 194.500000 0.000000 0.000000 0.000000 B 5.000000 
20221214.000000 90000.000000 3228.TW 192.000000 0.000000 0.000000 0.000000 B 5.000000 
20221215.000000 90200.000000 3228.TW 206.500000 0.000000 0.000000 0.000000 B 4.000000 
20221230.000000 90000.000000 3228.TW 186.500000 0.000000 0.000000 0.000000 B 5.000000 
20230103.000000 90000.000000 3228.TW 178.000000 0.000000 0.000000 0.000000 B 5.000000 
20230104.000000 90000.000000 3228.TW 180.500000 0.000000 0.000000 0.000000 B 5.000000 
20230105.000000 90000.000000 3228.TW 180.000000 0.000000 0.000000 0.000000 B 5.000000 
20230106.000000 90000.000000 3228.TW 160.000000 0.000000 0.000000 0.000000 B 6.000000 
20230109.000000 90000.000000 3228.TW 175.500000 0.000000 0.000000 0.000000 B 5.000000 
20230110.000000 90000.000000 3228.TW 177.000000 0.000000 0.000000 0.000000 B 5.000000 
20230111.000000 90000.000000 3228.TW 182.500000 0.000000 0.000000 0.000000 B 5.000000 
20230112.000000 90000.000000 3228.TW 189.000000 0.000000 0.000000 0.000000 B 5.000000 
20230113.000000 90000.000000 3228.TW 184.500000 0.000000 0.000000 0.000000 B 5.000000 
20230116.000000 90000.000000 3228.TW 182.000000 0.000000 0.000000 0.000000 B 5.000000 
20230117.000000 90000.000000 3228.TW 186.000000 0.000000 0.000000 0.000000 B 5.000000 
20230130.000000 90000.000000 3228.TW 192.000000 0.000000 0.000000 0.000000 B 5.000000 
20230131.000000 90000.000000 3228.TW 187.500000 0.000000 0.000000 0.000000 B 5.000000 
20230201.000000 90000.000000 3228.TW 188.000000 0.000000 0.000000 0.000000 B 5.000000 
20230202.000000 90000.000000 3228.TW 188.500000 0.000000 0.000000 0.000000 B 5.000000 
20230203.000000 90000.000000 3228.TW 205.000000 0.000000 0.000000 0.000000 B 4.000000 
20230206.000000 90000.000000 3228.TW 193.000000 0.000000 0.000000 0.000000 B 5.000000 
20230207.000000 90000.000000 3228.TW 194.500000 0.000000 0.000000 0.000000 B 5.000000 
20230208.000000 90000.000000 3228.TW 199.000000 0.000000 0.000000 0.000000 B 5.000000 
20230209.000000 90000.000000 3228.TW 203.000000 0.000000 0.000000 0.000000 B 4.000000 
20230210.000000 90000.000000 3228.TW 198.000000 0.000000 0.000000 0.000000 B 5.000000 
20230213.000000 90000.000000 3228.TW 192.500000 0.000000 0.000000 0.000000 B 5.000000 
20230214.000000 90000.000000 3228.TW 196.500000 0.000000 0.000000 0.000000 B 5.000000 
20230215.000000 90000.000000 3228.TW 189.000000 0.000000 0.000000 0.000000 B 5.000000 
20230216.000000 90000.000000 3228.TW 193.000000 0.000000 0.000000 0.000000 B 5.000000 
20230217.000000 90000.000000 3228.TW 193.000000 0.000000 0.000000 0.000000 B 5.000000 
20230220.000000 90000.000000 3228.TW 193.500000 0.000000 0.000000 0.000000 B 5.000000 
20230221.000000 90000.000000 3228.TW 203.000000 0.000000 0.000000 0.000000 B 4.000000 
20230222.000000 90000.000000 3228.TW 197.500000 0.000000 0.000000 0.000000 B 5.000000 
20230223.000000 90000.000000 3228.TW 194.000000 0.000000 0.000000 0.000000 B 5.000000 
20230224.000000 90000.000000 3228.TW 200.500000 0.000000 0.000000 0.000000 B 4.000000 
20230301.000000 90000.000000 3228.TW 194.500000 0.000000 0.000000 0.000000 B 5.000000 
20230302.000000 90000.000000 3228.TW 201.500000 0.000000 0.000000 0.000000 B 4.000000 
20230303.000000 90000.000000 3228.TW 202.000000 0.000000 0.000000 0.000000 B 4.000000 
20230306.000000 90000.000000 3228.TW 203.000000 0.000000 0.000000 0.000000 B 4.000000 
20230307.000000 90000.000000 3228.TW 199.000000 0.000000 0.000000 0.000000 B 5.000000 
20230308.000000 90000.000000 3228.TW 193.000000 0.000000 0.000000 0.000000 B 5.000000 
20230309.000000 90000.000000 3228.TW 197.500000 0.000000 0.000000 0.000000 B 5.000000 
20230310.000000 90000.000000 3228.TW 192.000000 0.000000 0.000000 0.000000 B 5.000000 
20230313.000000 90000.000000 3228.TW 183.500000 0.000000 0.000000 0.000000 B 5.000000 
20230314.000000 90000.000000 3228.TW 180.000000 0.000000 0.000000 0.000000 B 5.000000 
20230315.000000 90000.000000 3228.TW 183.500000 0.000000 0.000000 0.000000 B 5.000000 
20230316.000000 90000.000000 3228.TW 181.000000 0.000000 0.000000 0.000000 B 5.000000 
20230317.000000 90000.000000 3228.TW 183.000000 0.000000 0.000000 0.000000 B 5.000000 
20230320.000000 90000.000000 3228.TW 182.000000 0.000000 0.000000 0.000000 B 5.000000 
20230321.000000 90000.000000 3228.TW 190.000000 0.000000 0.000000 0.000000 B 5.000000 
20230322.000000 90000.000000 3228.TW 189.500000 0.000000 0.000000 0.000000 B 5.000000 
20230323.000000 90000.000000 3228.TW 194.500000 0.000000 0.000000 0.000000 B 5.000000 
20230324.000000 90000.000000 3228.TW 199.000000 0.000000 0.000000 0.000000 B 5.000000 
20230327.000000 90000.000000 3228.TW 198.500000 0.000000 0.000000 0.000000 B 5.000000 
20230328.000000 90000.000000 3228.TW 196.500000 0.000000 0.000000 0.000000 B 5.000000 
20230329.000000 90000.000000 3228.TW 193.000000 0.000000 0.000000 0.000000 B 5.000000 
20230330.000000 90000.000000 3228.TW 194.500000 0.000000 0.000000 0.000000 B 5.000000 
20230331.000000 90000.000000 3228.TW 197.500000 0.000000 0.000000 0.000000 B 5.000000 
20230406.000000 90000.000000 3228.TW 195.000000 0.000000 0.000000 0.000000 B 5.000000 
20230407.000000 90000.000000 3228.TW 195.500000 0.000000 0.000000 0.000000 B 5.000000 

